#! /usr/bin/vvp
:ivl_version "10.1 (stable)";
:ivl_delay_selection "TYPICAL";
:vpi_time_precision + 0;
:vpi_module "system";
:vpi_module "vhdl_sys";
:vpi_module "v2005_math";
:vpi_module "va_math";
S_0x5651e9165c50 .scope module, "main_tb" "main_tb" 2 1;
 .timescale 0 0;
v0x5651e9187f80_0 .var "A", 31 0;
v0x5651e9188080_0 .var "address", 31 0;
v0x5651e9188140_0 .var/i "c", 31 0;
v0x5651e9188200_0 .var "clk", 0 0;
v0x5651e91882a0_0 .var/i "count", 31 0;
v0x5651e9188380_0 .net "dataOut", 31 0, v0x5651e91870e0_0;  1 drivers
v0x5651e9188490_0 .var/i "fp1", 31 0;
v0x5651e9188570_0 .net "hit", 0 0, v0x5651e91871a0_0;  1 drivers
v0x5651e9188610_0 .var/i "temp", 31 0;
S_0x5651e9165dd0 .scope module, "uut" "main" 2 14, 3 5 0, S_0x5651e9165c50;
 .timescale 0 0;
    .port_info 0 /INPUT 1 "clk"
    .port_info 1 /INPUT 32 "address"
    .port_info 2 /OUTPUT 32 "dataOut"
    .port_info 3 /OUTPUT 1 "hit"
v0x5651e9187990_0 .net "address", 31 0, v0x5651e9188080_0;  1 drivers
v0x5651e9187aa0_0 .net "clk", 0 0, v0x5651e9188200_0;  1 drivers
v0x5651e9187b60_0 .net "dataIn", 511 0, v0x5651e9186550_0;  1 drivers
v0x5651e9187c50_0 .net "dataOut", 31 0, v0x5651e91870e0_0;  alias, 1 drivers
v0x5651e9187cf0_0 .net "hit", 0 0, v0x5651e91871a0_0;  alias, 1 drivers
v0x5651e9187e30_0 .net "read", 0 0, v0x5651e9187890_0;  1 drivers
S_0x5651e9166c30 .scope module, "u0" "main_memory" 3 17, 4 2 0, S_0x5651e9165dd0;
 .timescale 0 0;
    .port_info 0 /INPUT 1 "clk"
    .port_info 1 /INPUT 32 "address"
    .port_info 2 /OUTPUT 512 "data_out"
v0x5651e9162be0_0 .net "address", 31 0, v0x5651e9188080_0;  alias, 1 drivers
v0x5651e91624e0_0 .net "clk", 0 0, v0x5651e9188200_0;  alias, 1 drivers
v0x5651e9186550_0 .var "data_out", 511 0;
v0x5651e9186610_0 .var/i "i", 31 0;
v0x5651e91866f0_0 .var "intialAddress", 31 0;
v0x5651e9186820_0 .var/i "q", 31 0;
E_0x5651e9157350 .event posedge, v0x5651e91624e0_0;
S_0x5651e9186980 .scope module, "u1" "cache_memory" 3 18, 5 7 0, S_0x5651e9165dd0;
 .timescale 0 0;
    .port_info 0 /INPUT 1 "clk"
    .port_info 1 /INPUT 32 "address"
    .port_info 2 /INPUT 1 "read"
    .port_info 3 /INPUT 512 "dataIn"
    .port_info 4 /OUTPUT 32 "dataOut"
    .port_info 5 /OUTPUT 1 "hit"
v0x5651e9186bf0_0 .net "address", 31 0, v0x5651e9188080_0;  alias, 1 drivers
v0x5651e9186cb0_0 .var "blockOffset", 3 0;
v0x5651e9186d70_0 .var "buffer", 532 0;
v0x5651e9186e60 .array "cache", 0 255, 532 0;
v0x5651e9186f20_0 .net "clk", 0 0, v0x5651e9188200_0;  alias, 1 drivers
v0x5651e9187010_0 .net "dataIn", 511 0, v0x5651e9186550_0;  alias, 1 drivers
v0x5651e91870e0_0 .var "dataOut", 31 0;
v0x5651e91871a0_0 .var "hit", 0 0;
v0x5651e9187260_0 .var "index", 7 0;
v0x5651e9187340_0 .net "read", 0 0, v0x5651e9187890_0;  alias, 1 drivers
S_0x5651e91874c0 .scope module, "u2" "cache_controller" 3 19, 6 1 0, S_0x5651e9165dd0;
 .timescale 0 0;
    .port_info 0 /INPUT 1 "clk"
    .port_info 1 /INPUT 1 "hit"
    .port_info 2 /OUTPUT 1 "read"
v0x5651e91876c0_0 .net "clk", 0 0, v0x5651e9188200_0;  alias, 1 drivers
v0x5651e91877d0_0 .net "hit", 0 0, v0x5651e91871a0_0;  alias, 1 drivers
v0x5651e9187890_0 .var "read", 0 0;
    .scope S_0x5651e9166c30;
T_0 ;
    %wait E_0x5651e9157350;
    %load/vec4 v0x5651e9162be0_0;
    %parti/s 28, 4, 4;
    %concati/vec4 0, 0, 4;
    %store/vec4 v0x5651e91866f0_0, 0, 32;
    %pushi/vec4 31, 0, 32;
    %store/vec4 v0x5651e9186820_0, 0, 32;
    %pushi/vec4 0, 0, 32;
    %store/vec4 v0x5651e9186610_0, 0, 32;
T_0.0 ;
    %load/vec4 v0x5651e9186610_0;
    %cmpi/s 16, 0, 32;
    %jmp/0xz T_0.1, 5;
    %load/vec4 v0x5651e91866f0_0;
    %load/vec4 v0x5651e9186820_0;
    %pad/s 34;
    %subi 31, 0, 34;
    %ix/vec4/s 4;
    %store/vec4 v0x5651e9186550_0, 4, 32;
    %load/vec4 v0x5651e9186820_0;
    %addi 32, 0, 32;
    %store/vec4 v0x5651e9186820_0, 0, 32;
    %load/vec4 v0x5651e91866f0_0;
    %addi 1, 0, 32;
    %store/vec4 v0x5651e91866f0_0, 0, 32;
    %load/vec4 v0x5651e9186610_0;
    %addi 1, 0, 32;
    %store/vec4 v0x5651e9186610_0, 0, 32;
    %jmp T_0.0;
T_0.1 ;
    %jmp T_0;
    .thread T_0;
    .scope S_0x5651e9186980;
T_1 ;
    %wait E_0x5651e9157350;
    %load/vec4 v0x5651e9186bf0_0;
    %parti/s 8, 4, 4;
    %store/vec4 v0x5651e9187260_0, 0, 8;
    %load/vec4 v0x5651e9186bf0_0;
    %parti/s 4, 0, 2;
    %store/vec4 v0x5651e9186cb0_0, 0, 4;
    %load/vec4 v0x5651e9187340_0;
    %pad/u 32;
    %cmpi/e 0, 0, 32;
    %jmp/0xz  T_1.0, 4;
    %pushi/vec4 1, 0, 1;
    %ix/load 4, 0, 0;
    %flag_set/imm 4, 0;
    %store/vec4 v0x5651e9186d70_0, 4, 1;
    %load/vec4 v0x5651e9186bf0_0;
    %parti/s 20, 12, 5;
    %ix/load 4, 1, 0;
    %flag_set/imm 4, 0;
    %store/vec4 v0x5651e9186d70_0, 4, 20;
    %load/vec4 v0x5651e9187010_0;
    %ix/load 4, 21, 0;
    %flag_set/imm 4, 0;
    %store/vec4 v0x5651e9186d70_0, 4, 512;
    %load/vec4 v0x5651e9186d70_0;
    %load/vec4 v0x5651e9187260_0;
    %pad/u 10;
    %ix/vec4 4;
    %store/vec4a v0x5651e9186e60, 4, 0;
    %load/vec4 v0x5651e9187260_0;
    %pad/u 10;
    %ix/vec4 4;
    %load/vec4a v0x5651e9186e60, 4;
    %load/vec4 v0x5651e9186cb0_0;
    %pad/u 32;
    %muli 32, 0, 32;
    %addi 52, 0, 32;
    %pad/u 34;
    %subi 31, 0, 34;
    %part/s 32;
    %store/vec4 v0x5651e91870e0_0, 0, 32;
    %pushi/vec4 1, 0, 1;
    %store/vec4 v0x5651e91871a0_0, 0, 1;
T_1.0 ;
    %load/vec4 v0x5651e9187340_0;
    %pad/u 32;
    %cmpi/e 1, 0, 32;
    %jmp/0xz  T_1.2, 4;
    %load/vec4 v0x5651e9186bf0_0;
    %parti/s 20, 12, 5;
    %load/vec4 v0x5651e9187260_0;
    %pad/u 10;
    %ix/vec4 4;
    %load/vec4a v0x5651e9186e60, 4;
    %parti/s 20, 1, 2;
    %cmp/e;
    %jmp/0xz  T_1.4, 4;
    %pushi/vec4 1, 0, 1;
    %store/vec4 v0x5651e91871a0_0, 0, 1;
    %jmp T_1.5;
T_1.4 ;
    %pushi/vec4 0, 0, 1;
    %store/vec4 v0x5651e91871a0_0, 0, 1;
T_1.5 ;
    %load/vec4 v0x5651e9187260_0;
    %pad/u 10;
    %ix/vec4 4;
    %load/vec4a v0x5651e9186e60, 4;
    %load/vec4 v0x5651e9186cb0_0;
    %pad/u 32;
    %muli 32, 0, 32;
    %addi 52, 0, 32;
    %pad/u 34;
    %subi 31, 0, 34;
    %part/s 32;
    %store/vec4 v0x5651e91870e0_0, 0, 32;
    %jmp T_1.3;
T_1.2 ;
    %pushi/vec4 1, 0, 1;
    %store/vec4 v0x5651e91871a0_0, 0, 1;
T_1.3 ;
    %jmp T_1;
    .thread T_1;
    .scope S_0x5651e91874c0;
T_2 ;
    %wait E_0x5651e9157350;
    %load/vec4 v0x5651e91877d0_0;
    %pad/u 32;
    %cmpi/e 1, 0, 32;
    %jmp/0xz  T_2.0, 4;
    %pushi/vec4 1, 0, 1;
    %store/vec4 v0x5651e9187890_0, 0, 1;
    %jmp T_2.1;
T_2.0 ;
    %pushi/vec4 0, 0, 1;
    %store/vec4 v0x5651e9187890_0, 0, 1;
T_2.1 ;
    %jmp T_2;
    .thread T_2;
    .scope S_0x5651e9165c50;
T_3 ;
    %pushi/vec4 0, 0, 32;
    %store/vec4 v0x5651e91882a0_0, 0, 32;
    %end;
    .thread T_3;
    .scope S_0x5651e9165c50;
T_4 ;
    %pushi/vec4 0, 0, 32;
    %store/vec4 v0x5651e9188140_0, 0, 32;
    %end;
    .thread T_4;
    .scope S_0x5651e9165c50;
T_5 ;
    %vpi_func 2 22 "$fopen" 32, "output.txt", "r" {0 0 0};
    %store/vec4 v0x5651e9188490_0, 0, 32;
    %pushi/vec4 0, 0, 1;
    %store/vec4 v0x5651e9188200_0, 0, 1;
    %pushi/vec4 1, 0, 32;
    %store/vec4 v0x5651e91882a0_0, 0, 32;
T_5.0 ;
    %vpi_func 2 25 "$feof" 32, v0x5651e9188490_0 {0 0 0};
    %nor/r;
    %flag_set/vec4 8;
    %jmp/0xz T_5.1, 8;
    %vpi_func 2 27 "$fscanf" 32, v0x5651e9188490_0, "%h\012", v0x5651e9187f80_0 {0 0 0};
    %store/vec4 v0x5651e9188610_0, 0, 32;
    %load/vec4 v0x5651e9188140_0;
    %addi 1, 0, 32;
    %store/vec4 v0x5651e9188140_0, 0, 32;
    %load/vec4 v0x5651e9187f80_0;
    %store/vec4 v0x5651e9188080_0, 0, 32;
    %delay 10, 0;
    %jmp T_5.0;
T_5.1 ;
    %vpi_call 2 32 "$fclose", v0x5651e9188490_0 {0 0 0};
    %vpi_call 2 37 "$finish" {0 0 0};
    %end;
    .thread T_5;
    .scope S_0x5651e9165c50;
T_6 ;
    %delay 2, 0;
    %load/vec4 v0x5651e9188200_0;
    %inv;
    %store/vec4 v0x5651e9188200_0, 0, 1;
    %load/vec4 v0x5651e9188200_0;
    %pad/u 32;
    %pushi/vec4 1, 0, 32;
    %cmp/e;
    %flag_get/vec4 4;
    %load/vec4 v0x5651e9188570_0;
    %pad/u 32;
    %pushi/vec4 0, 0, 32;
    %cmp/e;
    %flag_get/vec4 4;
    %and;
    %flag_set/vec4 8;
    %jmp/0xz  T_6.0, 8;
    %load/vec4 v0x5651e91882a0_0;
    %addi 1, 0, 32;
    %store/vec4 v0x5651e91882a0_0, 0, 32;
T_6.0 ;
    %vpi_call 2 44 "$display", "clk = %b hit = %b read = %b address = %h dataout = %h count = %d", v0x5651e9188200_0, v0x5651e9188570_0, v0x5651e9187e30_0, v0x5651e9188080_0, v0x5651e9188380_0, v0x5651e91882a0_0 {0 0 0};
    %jmp T_6;
    .thread T_6;
# The file index is used to find the file name in the following table.
:file_names 7;
    "N/A";
    "<interactive>";
    "main_tb.v";
    "main.v";
    "./main_memory.v";
    "./cache_memory.v";
    "./cache_controller.v";
